0 info it worked if it ends with ok
1 verbose cli [ '/usr/local/bin/node', '/usr/local/bin/npm', 'install' ]
2 info using npm@3.10.3
3 info using node@v6.4.0
4 silly loadCurrentTree Starting
5 silly install loadCurrentTree
6 silly install readLocalPackageData
7 silly install normalizeTree
8 silly loadCurrentTree Finishing
9 silly loadIdealTree Starting
10 silly install loadIdealTree
11 silly cloneCurrentTree Starting
12 silly install cloneCurrentTreeToIdealTree
13 silly cloneCurrentTree Finishing
14 silly loadShrinkwrap Starting
15 silly install loadShrinkwrap
16 silly loadShrinkwrap Finishing
17 silly loadAllDepsIntoIdealTree Starting
18 silly install loadAllDepsIntoIdealTree
19 silly fetchNamedPackageData start
20 silly mapToRegistry name start
21 silly mapToRegistry using default registry
22 silly mapToRegistry registry https://registry.npmjs.org/
23 silly mapToRegistry data Result {
23 silly mapToRegistry   raw: 'start',
23 silly mapToRegistry   scope: null,
23 silly mapToRegistry   escapedName: 'start',
23 silly mapToRegistry   name: 'start',
23 silly mapToRegistry   rawSpec: '',
23 silly mapToRegistry   spec: 'latest',
23 silly mapToRegistry   type: 'tag' }
24 silly mapToRegistry uri https://registry.npmjs.org/start
25 verbose request uri https://registry.npmjs.org/start
26 verbose request no auth needed
27 info attempt registry request try #1 at 5:24:10 PM
28 verbose request id c2701bf5cdeeab19
29 http request GET https://registry.npmjs.org/start
30 http 200 https://registry.npmjs.org/start
31 verbose headers { server: 'CouchDB/1.5.0 (Erlang OTP/R16B03)',
31 verbose headers   etag: '"EPTDPZ5BAEH1X6X9HE3V1EVB9"',
31 verbose headers   'content-type': 'application/json',
31 verbose headers   'content-encoding': 'gzip',
31 verbose headers   'cache-control': 'max-age=300',
31 verbose headers   'content-length': '8570',
31 verbose headers   'accept-ranges': 'bytes',
31 verbose headers   date: 'Thu, 03 Nov 2016 09:24:12 GMT',
31 verbose headers   via: '1.1 varnish',
31 verbose headers   age: '0',
31 verbose headers   connection: 'keep-alive',
31 verbose headers   'x-served-by': 'cache-sin6925-SIN',
31 verbose headers   'x-cache': 'HIT',
31 verbose headers   'x-cache-hits': '1',
31 verbose headers   'x-timer': 'S1478165051.081162,VS0,VE928',
31 verbose headers   vary: 'Accept-Encoding' }
32 silly get cb [ 200,
32 silly get   { server: 'CouchDB/1.5.0 (Erlang OTP/R16B03)',
32 silly get     etag: '"EPTDPZ5BAEH1X6X9HE3V1EVB9"',
32 silly get     'content-type': 'application/json',
32 silly get     'content-encoding': 'gzip',
32 silly get     'cache-control': 'max-age=300',
32 silly get     'content-length': '8570',
32 silly get     'accept-ranges': 'bytes',
32 silly get     date: 'Thu, 03 Nov 2016 09:24:12 GMT',
32 silly get     via: '1.1 varnish',
32 silly get     age: '0',
32 silly get     connection: 'keep-alive',
32 silly get     'x-served-by': 'cache-sin6925-SIN',
32 silly get     'x-cache': 'HIT',
32 silly get     'x-cache-hits': '1',
32 silly get     'x-timer': 'S1478165051.081162,VS0,VE928',
32 silly get     vary: 'Accept-Encoding' } ]
33 verbose get saving start to /Users/dexterleow/.npm/registry.npmjs.org/start/.cache.json
34 verbose correctMkdir /Users/dexterleow/.npm correctMkdir not in flight; initializing
35 silly fetchPackageMetaData Error: No compatible version found: start@node app.js
35 silly fetchPackageMetaData Valid install targets:
35 silly fetchPackageMetaData 4.0.2, 4.0.1, 4.0.0, 3.2.3, 3.2.2, 3.2.1, 3.2.0, 3.1.0, 3.0.2, 3.0.1, 3.0.0, 2.0.0, 1.2.4, 1.2.3, 1.2.2, 1.2.1, 1.2.0, 1.1.1, 1.1.0, 1.0.2, 1.0.1, 0.0.2
35 silly fetchPackageMetaData
35 silly fetchPackageMetaData     at pickVersionFromRegistryDocument (/usr/local/lib/node_modules/npm/lib/fetch-package-metadata.js:170:16)
35 silly fetchPackageMetaData     at /usr/local/lib/node_modules/npm/node_modules/iferr/index.js:13:50
35 silly fetchPackageMetaData     at /usr/local/lib/node_modules/npm/lib/utils/pulse-till-done.js:20:8
35 silly fetchPackageMetaData     at saved (/usr/local/lib/node_modules/npm/lib/cache/caching-client.js:174:7)
35 silly fetchPackageMetaData     at /usr/local/lib/node_modules/npm/node_modules/graceful-fs/polyfills.js:210:7
35 silly fetchPackageMetaData     at FSReqWrap.oncomplete (fs.js:123:15)
35 silly fetchPackageMetaData  error for start@node app.js Error: No compatible version found: start@node app.js
35 silly fetchPackageMetaData Valid install targets:
35 silly fetchPackageMetaData 4.0.2, 4.0.1, 4.0.0, 3.2.3, 3.2.2, 3.2.1, 3.2.0, 3.1.0, 3.0.2, 3.0.1, 3.0.0, 2.0.0, 1.2.4, 1.2.3, 1.2.2, 1.2.1, 1.2.0, 1.1.1, 1.1.0, 1.0.2, 1.0.1, 0.0.2
35 silly fetchPackageMetaData
35 silly fetchPackageMetaData     at pickVersionFromRegistryDocument (/usr/local/lib/node_modules/npm/lib/fetch-package-metadata.js:170:16)
35 silly fetchPackageMetaData     at /usr/local/lib/node_modules/npm/node_modules/iferr/index.js:13:50
35 silly fetchPackageMetaData     at /usr/local/lib/node_modules/npm/lib/utils/pulse-till-done.js:20:8
35 silly fetchPackageMetaData     at saved (/usr/local/lib/node_modules/npm/lib/cache/caching-client.js:174:7)
35 silly fetchPackageMetaData     at /usr/local/lib/node_modules/npm/node_modules/graceful-fs/polyfills.js:210:7
35 silly fetchPackageMetaData     at FSReqWrap.oncomplete (fs.js:123:15)
36 silly rollbackFailedOptional Starting
37 silly rollbackFailedOptional Finishing
38 silly runTopLevelLifecycles Starting
39 silly runTopLevelLifecycles Finishing
40 silly install printInstalled
41 verbose stack Error: No compatible version found: start@node app.js
41 verbose stack Valid install targets:
41 verbose stack 4.0.2, 4.0.1, 4.0.0, 3.2.3, 3.2.2, 3.2.1, 3.2.0, 3.1.0, 3.0.2, 3.0.1, 3.0.0, 2.0.0, 1.2.4, 1.2.3, 1.2.2, 1.2.1, 1.2.0, 1.1.1, 1.1.0, 1.0.2, 1.0.1, 0.0.2
41 verbose stack
41 verbose stack     at pickVersionFromRegistryDocument (/usr/local/lib/node_modules/npm/lib/fetch-package-metadata.js:170:16)
41 verbose stack     at /usr/local/lib/node_modules/npm/node_modules/iferr/index.js:13:50
41 verbose stack     at /usr/local/lib/node_modules/npm/lib/utils/pulse-till-done.js:20:8
41 verbose stack     at saved (/usr/local/lib/node_modules/npm/lib/cache/caching-client.js:174:7)
41 verbose stack     at /usr/local/lib/node_modules/npm/node_modules/graceful-fs/polyfills.js:210:7
41 verbose stack     at FSReqWrap.oncomplete (fs.js:123:15)
42 verbose cwd /Users/dexterleow/Desktop/Project-4-WebAudioAPI
43 error Darwin 15.6.0
44 error argv "/usr/local/bin/node" "/usr/local/bin/npm" "install"
45 error node v6.4.0
46 error npm  v3.10.3
47 error No compatible version found: start@node app.js
47 error Valid install targets:
47 error 4.0.2, 4.0.1, 4.0.0, 3.2.3, 3.2.2, 3.2.1, 3.2.0, 3.1.0, 3.0.2, 3.0.1, 3.0.0, 2.0.0, 1.2.4, 1.2.3, 1.2.2, 1.2.1, 1.2.0, 1.1.1, 1.1.0, 1.0.2, 1.0.1, 0.0.2
48 error If you need help, you may report this error at:
48 error     <https://github.com/npm/npm/issues>
49 verbose exit [ 1, true ]
